Determining if the pthread_create exist failed with the following output:
Change Dir: /home/divya.aggarwal/perf_test_ws/src/performance_test/performance_test/cmake-build-coverage/CMakeFiles/CMakeTmp

Run Build Command(s):/usr/bin/make cmTC_6a853/fast 
/usr/bin/make -f CMakeFiles/cmTC_6a853.dir/build.make CMakeFiles/cmTC_6a853.dir/build
make[1]: Entering directory '/home/divya.aggarwal/perf_test_ws/src/performance_test/performance_test/cmake-build-coverage/CMakeFiles/CMakeTmp'
Building C object CMakeFiles/cmTC_6a853.dir/CheckSymbolExists.c.o
/usr/bin/cc    -o CMakeFiles/cmTC_6a853.dir/CheckSymbolExists.c.o   -c /home/divya.aggarwal/perf_test_ws/src/performance_test/performance_test/cmake-build-coverage/CMakeFiles/CMakeTmp/CheckSymbolExists.c
Linking C executable cmTC_6a853
/opt/clion/bin/cmake/linux/bin/cmake -E cmake_link_script CMakeFiles/cmTC_6a853.dir/link.txt --verbose=1
/usr/bin/cc      CMakeFiles/cmTC_6a853.dir/CheckSymbolExists.c.o  -o cmTC_6a853 
CMakeFiles/cmTC_6a853.dir/CheckSymbolExists.c.o: In function `main':
CheckSymbolExists.c:(.text+0x1b): undefined reference to `pthread_create'
collect2: error: ld returned 1 exit status
CMakeFiles/cmTC_6a853.dir/build.make:86: recipe for target 'cmTC_6a853' failed
make[1]: *** [cmTC_6a853] Error 1
make[1]: Leaving directory '/home/divya.aggarwal/perf_test_ws/src/performance_test/performance_test/cmake-build-coverage/CMakeFiles/CMakeTmp'
Makefile:121: recipe for target 'cmTC_6a853/fast' failed
make: *** [cmTC_6a853/fast] Error 2

File /home/divya.aggarwal/perf_test_ws/src/performance_test/performance_test/cmake-build-coverage/CMakeFiles/CMakeTmp/CheckSymbolExists.c:
/* */
#include <pthread.h>

int main(int argc, char** argv)
{
  (void)argv;
#ifndef pthread_create
  return ((int*)(&pthread_create))[argc];
#else
  (void)argc;
  return 0;
#endif
}

Determining if the function pthread_create exists in the pthreads failed with the following output:
Change Dir: /home/divya.aggarwal/perf_test_ws/src/performance_test/performance_test/cmake-build-coverage/CMakeFiles/CMakeTmp

Run Build Command(s):/usr/bin/make cmTC_4f4d0/fast 
/usr/bin/make -f CMakeFiles/cmTC_4f4d0.dir/build.make CMakeFiles/cmTC_4f4d0.dir/build
make[1]: Entering directory '/home/divya.aggarwal/perf_test_ws/src/performance_test/performance_test/cmake-build-coverage/CMakeFiles/CMakeTmp'
Building C object CMakeFiles/cmTC_4f4d0.dir/CheckFunctionExists.c.o
/usr/bin/cc   -DCHECK_FUNCTION_EXISTS=pthread_create   -o CMakeFiles/cmTC_4f4d0.dir/CheckFunctionExists.c.o   -c /opt/clion/bin/cmake/linux/share/cmake-3.14/Modules/CheckFunctionExists.c
Linking C executable cmTC_4f4d0
/opt/clion/bin/cmake/linux/bin/cmake -E cmake_link_script CMakeFiles/cmTC_4f4d0.dir/link.txt --verbose=1
/usr/bin/cc  -DCHECK_FUNCTION_EXISTS=pthread_create    CMakeFiles/cmTC_4f4d0.dir/CheckFunctionExists.c.o  -o cmTC_4f4d0 -lpthreads 
/usr/bin/ld: cannot find -lpthreads
collect2: error: ld returned 1 exit status
CMakeFiles/cmTC_4f4d0.dir/build.make:86: recipe for target 'cmTC_4f4d0' failed
make[1]: *** [cmTC_4f4d0] Error 1
make[1]: Leaving directory '/home/divya.aggarwal/perf_test_ws/src/performance_test/performance_test/cmake-build-coverage/CMakeFiles/CMakeTmp'
Makefile:121: recipe for target 'cmTC_4f4d0/fast' failed
make: *** [cmTC_4f4d0/fast] Error 2


